# JRE version: OpenJDK Runtime Environment (11.0.10) (build 11.0.10+0-b96-7249189)
# Java VM: OpenJDK 64-Bit Server VM (11.0.10+0-b96-7249189, mixed mode, tiered, compressed oops, g1 gc, windows-amd64)
Heap:
 garbage-first heap   total 183296K, used 68445K [0x0000000080000000, 0x0000000100000000)
  region size 1024K, 7 young (7168K), 5 survivors (5120K)
 Metaspace       used 82185K, capacity 84419K, committed 84556K, reserved 1122304K
  class space    used 10608K, capacity 11378K, committed 11392K, reserved 1048576K
GC Heap History (20 events):
Event: 4.462 GC heap before
{Heap before GC invocations=6 (full 0):
 garbage-first heap   total 126976K, used 30983K [0x0000000080000000, 0x0000000100000000)
  region size 1024K, 16 young (16384K), 5 survivors (5120K)
 Metaspace       used 35028K, capacity 35798K, committed 35840K, reserved 1081344K
  class space    used 4541K, capacity 4832K, committed 4864K, reserved 1048576K
}
Event: 4.469 GC heap after
{Heap after GC invocations=7 (full 0):
 garbage-first heap   total 126976K, used 22034K [0x0000000080000000, 0x0000000100000000)
  region size 1024K, 6 young (6144K), 6 survivors (6144K)
 Metaspace       used 35028K, capacity 35798K, committed 35840K, reserved 1081344K
  class space    used 4541K, capacity 4832K, committed 4864K, reserved 1048576K
}
Event: 4.997 GC heap before
{Heap before GC invocations=8 (full 0):
 garbage-first heap   total 126976K, used 76306K [0x0000000080000000, 0x0000000100000000)
  region size 1024K, 57 young (58368K), 6 survivors (6144K)
 Metaspace       used 38647K, capacity 39570K, committed 39936K, reserved 1083392K
  class space    used 4929K, capacity 5252K, committed 5376K, reserved 1048576K
}
Event: 5.004 GC heap after
{Heap after GC invocations=9 (full 0):
 garbage-first heap   total 126976K, used 26546K [0x0000000080000000, 0x0000000100000000)
  region size 1024K, 8 young (8192K), 8 survivors (8192K)
 Metaspace       used 38647K, capacity 39570K, committed 39936K, reserved 1083392K
  class space    used 4929K, capacity 5252K, committed 5376K, reserved 1048576K
}
Event: 5.621 GC heap before
{Heap before GC invocations=9 (full 0):
 garbage-first heap   total 126976K, used 80818K [0x0000000080000000, 0x0000000100000000)
  region size 1024K, 61 young (62464K), 8 survivors (8192K)
 Metaspace       used 43547K, capacity 44580K, committed 44672K, reserved 1087488K
  class space    used 5571K, capacity 5936K, committed 6016K, reserved 1048576K
}
Event: 5.628 GC heap after
{Heap after GC invocations=10 (full 0):
 garbage-first heap   total 152576K, used 28568K [0x0000000080000000, 0x0000000100000000)
  region size 1024K, 3 young (3072K), 3 survivors (3072K)
 Metaspace       used 43547K, capacity 44580K, committed 44672K, reserved 1087488K
  class space    used 5571K, capacity 5936K, committed 6016K, reserved 1048576K
}
Event: 6.774 GC heap before
{Heap before GC invocations=10 (full 0):
 garbage-first heap   total 152576K, used 102296K [0x0000000080000000, 0x0000000100000000)
  region size 1024K, 71 young (72704K), 3 survivors (3072K)
 Metaspace       used 47359K, capacity 48588K, committed 48768K, reserved 1091584K
  class space    used 6066K, capacity 6518K, committed 6528K, reserved 1048576K
}
Event: 6.780 GC heap after
{Heap after GC invocations=11 (full 0):
 garbage-first heap   total 152576K, used 40355K [0x0000000080000000, 0x0000000100000000)
  region size 1024K, 9 young (9216K), 9 survivors (9216K)
 Metaspace       used 47359K, capacity 48588K, committed 48768K, reserved 1091584K
  class space    used 6066K, capacity 6518K, committed 6528K, reserved 1048576K
}
Event: 7.846 GC heap before
{Heap before GC invocations=11 (full 0):
 garbage-first heap   total 152576K, used 104867K [0x0000000080000000, 0x0000000100000000)
  region size 1024K, 72 young (73728K), 9 survivors (9216K)
 Metaspace       used 56477K, capacity 57967K, committed 58112K, reserved 1099776K
  class space    used 7122K, capacity 7630K, committed 7680K, reserved 1048576K
}
Event: 7.856 GC heap after
{Heap after GC invocations=12 (full 0):
 garbage-first heap   total 152576K, used 43278K [0x0000000080000000, 0x0000000100000000)
  region size 1024K, 3 young (3072K), 3 survivors (3072K)
 Metaspace       used 56477K, capacity 57967K, committed 58112K, reserved 1099776K
  class space    used 7122K, capacity 7630K, committed 7680K, reserved 1048576K
}
Event: 8.063 GC heap before
{Heap before GC invocations=12 (full 0):
 garbage-first heap   total 152576K, used 54542K [0x0000000080000000, 0x0000000100000000)
  region size 1024K, 15 young (15360K), 3 survivors (3072K)
 Metaspace       used 58371K, capacity 59915K, committed 60160K, reserved 1101824K
  class space    used 7382K, capacity 7936K, committed 7936K, reserved 1048576K
}
Event: 8.069 GC heap after
{Heap after GC invocations=13 (full 0):
 garbage-first heap   total 152576K, used 43741K [0x0000000080000000, 0x0000000100000000)
  region size 1024K, 4 young (4096K), 4 survivors (4096K)
 Metaspace       used 58371K, capacity 59915K, committed 60160K, reserved 1101824K
  class space    used 7382K, capacity 7936K, committed 7936K, reserved 1048576K
}
Event: 8.877 GC heap before
{Heap before GC invocations=14 (full 0):
 garbage-first heap   total 152576K, used 98013K [0x0000000080000000, 0x0000000100000000)
  region size 1024K, 57 young (58368K), 4 survivors (4096K)
 Metaspace       used 63698K, capacity 65157K, committed 65356K, reserved 1105920K
  class space    used 8030K, capacity 8561K, committed 8576K, reserved 1048576K
}
Event: 8.885 GC heap after
{Heap after GC invocations=15 (full 0):
 garbage-first heap   total 152576K, used 48651K [0x0000000080000000, 0x0000000100000000)
  region size 1024K, 8 young (8192K), 8 survivors (8192K)
 Metaspace       used 63698K, capacity 65157K, committed 65356K, reserved 1105920K
  class space    used 8030K, capacity 8561K, committed 8576K, reserved 1048576K
}
Event: 9.885 GC heap before
{Heap before GC invocations=15 (full 0):
 garbage-first heap   total 152576K, used 102923K [0x0000000080000000, 0x0000000100000000)
  region size 1024K, 61 young (62464K), 8 survivors (8192K)
 Metaspace       used 68003K, capacity 69571K, committed 69708K, reserved 1110016K
  class space    used 8745K, capacity 9284K, committed 9344K, reserved 1048576K
}
Event: 9.894 GC heap after
{Heap after GC invocations=16 (full 0):
 garbage-first heap   total 152576K, used 52659K [0x0000000080000000, 0x0000000100000000)
  region size 1024K, 5 young (5120K), 5 survivors (5120K)
 Metaspace       used 68003K, capacity 69571K, committed 69708K, reserved 1110016K
  class space    used 8745K, capacity 9284K, committed 9344K, reserved 1048576K
}
Event: 11.865 GC heap before
{Heap before GC invocations=16 (full 0):
 garbage-first heap   total 152576K, used 106931K [0x0000000080000000, 0x0000000100000000)
  region size 1024K, 58 young (59392K), 5 survivors (5120K)
 Metaspace       used 72826K, capacity 74528K, committed 74828K, reserved 1114112K
  class space    used 9412K, capacity 10020K, committed 10112K, reserved 1048576K
}
Event: 11.879 GC heap after
{Heap after GC invocations=17 (full 0):
 garbage-first heap   total 183296K, used 56849K [0x0000000080000000, 0x0000000100000000)
  region size 1024K, 4 young (4096K), 4 survivors (4096K)
 Metaspace       used 72826K, capacity 74528K, committed 74828K, reserved 1114112K
  class space    used 9412K, capacity 10020K, committed 10112K, reserved 1048576K
}
Event: 14.295 GC heap before
{Heap before GC invocations=17 (full 0):
 garbage-first heap   total 183296K, used 122385K [0x0000000080000000, 0x0000000100000000)
  region size 1024K, 69 young (70656K), 4 survivors (4096K)
 Metaspace       used 80506K, capacity 82516K, committed 82636K, reserved 1120256K
  class space    used 10431K, capacity 11158K, committed 11264K, reserved 1048576K
}
Event: 14.307 GC heap after
{Heap after GC invocations=18 (full 0):
 garbage-first heap   total 183296K, used 62464K [0x0000000080000000, 0x0000000100000000)
  region size 1024K, 9 young (9216K), 9 survivors (9216K)
 Metaspace       used 80506K, capacity 82516K, committed 82636K, reserved 1120256K
  class space    used 10431K, capacity 11158K, committed 11264K, reserved 1048576K
}

